<?xml version="1.0" encoding="UTF-8"?>
<!-- Generated by org.testng.reporters.JUnitReportReporter -->
<testsuite hostname="Users-MacBook-Pro.local" failures="0" tests="2" name="Reddit" time="30.784" errors="0" timestamp="2021-07-10T13:14:00 IST" skipped="0">
  <testcase classname="Reddit" name="verifyRedditPostFunctionality" time="25.593"/>
  <system-out>
Navigated to reddit.com Logged in as : mavdabbler Create Post option is available Post was created and verified  </system-out>
  <testcase classname="Reddit" name="verifyCommentingAndVotingOnAPost" time="5.191"/>
  <system-out>
Navigated to the created post Successfully commented on Post Comment is Upvoted and verified Comment is downvoted and verified  </system-out>
</testsuite> <!-- Reddit -->
